<?xml version="1.0" encoding="UTF-8"?>
<!-- Generated by org.testng.reporters.JUnitReportReporter -->
<testsuite hostname="DESKTOP-JGQIC04" failures="0" tests="2" name="mavenpack.Testclass" time="0.026" errors="0" timestamp="2023-09-14T14:48:13 IST" skipped="0">
  <testcase classname="mavenpack.Testclass" name="class2" time="0.007"/>
  <testcase classname="mavenpack.Testclass" name="class1" time="0.019"/>
</testsuite> <!-- mavenpack.Testclass -->
